  renderer.cpp
C:\Users\jlama\Desktop\Uni\3r Trimestre\Gràfics en temps real\GTR_Framework\src\extra\cJSON.h(104,1): warning C4099: 'cJSON': nombre de tipo visto anteriormente usando 'class' ahora se ve usando 'struct'
C:\Users\jlama\Desktop\Uni\3r Trimestre\Gràfics en temps real\GTR_Framework\src\extra\cJSON.h(103): message : vea la declaración de 'cJSON'
C:\Users\jlama\Desktop\Uni\3r Trimestre\Gràfics en temps real\GTR_Framework\src\renderer.cpp(41,15): warning C4244: 'inicializando': conversión de 'double' a 'float'; posible pérdida de datos
C:\Users\jlama\Desktop\Uni\3r Trimestre\Gràfics en temps real\GTR_Framework\src\renderer.cpp(42,13): warning C4244: 'inicializando': conversión de 'double' a 'float'; posible pérdida de datos
C:\Users\jlama\Desktop\Uni\3r Trimestre\Gràfics en temps real\GTR_Framework\src\renderer.cpp(43,11): warning C4244: 'inicializando': conversión de 'double' a 'float'; posible pérdida de datos
C:\Users\jlama\Desktop\Uni\3r Trimestre\Gràfics en temps real\GTR_Framework\src\renderer.cpp(140,68): warning C4244: 'argumento': conversión de 'double' a 'float'; posible pérdida de datos
C:\Users\jlama\Desktop\Uni\3r Trimestre\Gràfics en temps real\GTR_Framework\src\renderer.cpp(140,48): warning C4244: 'argumento': conversión de 'double' a 'float'; posible pérdida de datos
C:\Users\jlama\Desktop\Uni\3r Trimestre\Gràfics en temps real\GTR_Framework\src\renderer.cpp(252,51): warning C4244: 'argumento': conversión de 'double' a 'GLsizei'; posible pérdida de datos
C:\Users\jlama\Desktop\Uni\3r Trimestre\Gràfics en temps real\GTR_Framework\src\renderer.cpp(252,37): warning C4244: 'argumento': conversión de 'double' a 'GLsizei'; posible pérdida de datos
C:\Users\jlama\Desktop\Uni\3r Trimestre\Gràfics en temps real\GTR_Framework\src\renderer.cpp(252,24): warning C4244: 'argumento': conversión de 'double' a 'GLint'; posible pérdida de datos
C:\Users\jlama\Desktop\Uni\3r Trimestre\Gràfics en temps real\GTR_Framework\src\renderer.cpp(254,61): warning C4244: 'argumento': conversión de 'double' a 'GLsizei'; posible pérdida de datos
C:\Users\jlama\Desktop\Uni\3r Trimestre\Gràfics en temps real\GTR_Framework\src\renderer.cpp(254,47): warning C4244: 'argumento': conversión de 'double' a 'GLsizei'; posible pérdida de datos
C:\Users\jlama\Desktop\Uni\3r Trimestre\Gràfics en temps real\GTR_Framework\src\renderer.cpp(254,34): warning C4244: 'argumento': conversión de 'double' a 'GLint'; posible pérdida de datos
C:\Users\jlama\Desktop\Uni\3r Trimestre\Gràfics en temps real\GTR_Framework\src\renderer.cpp(254,20): warning C4244: 'argumento': conversión de 'double' a 'GLint'; posible pérdida de datos
C:\Users\jlama\Desktop\Uni\3r Trimestre\Gràfics en temps real\GTR_Framework\src\renderer.cpp(256,40): warning C4244: 'argumento': conversión de 'double' a 'GLsizei'; posible pérdida de datos
C:\Users\jlama\Desktop\Uni\3r Trimestre\Gràfics en temps real\GTR_Framework\src\renderer.cpp(256,26): warning C4244: 'argumento': conversión de 'double' a 'GLsizei'; posible pérdida de datos
C:\Users\jlama\Desktop\Uni\3r Trimestre\Gràfics en temps real\GTR_Framework\src\renderer.cpp(258,50): warning C4244: 'argumento': conversión de 'double' a 'GLsizei'; posible pérdida de datos
C:\Users\jlama\Desktop\Uni\3r Trimestre\Gràfics en temps real\GTR_Framework\src\renderer.cpp(258,36): warning C4244: 'argumento': conversión de 'double' a 'GLsizei'; posible pérdida de datos
C:\Users\jlama\Desktop\Uni\3r Trimestre\Gràfics en temps real\GTR_Framework\src\renderer.cpp(258,20): warning C4244: 'argumento': conversión de 'double' a 'GLint'; posible pérdida de datos
C:\Users\jlama\Desktop\Uni\3r Trimestre\Gràfics en temps real\GTR_Framework\src\renderer.cpp(280,20): warning C4018: '<': no coinciden signed/unsigned
C:\Users\jlama\Desktop\Uni\3r Trimestre\Gràfics en temps real\GTR_Framework\src\renderer.cpp(293,20): warning C4018: '<': no coinciden signed/unsigned
C:\Users\jlama\Desktop\Uni\3r Trimestre\Gràfics en temps real\GTR_Framework\src\renderer.cpp(310,20): warning C4018: '<': no coinciden signed/unsigned
C:\Users\jlama\Desktop\Uni\3r Trimestre\Gràfics en temps real\GTR_Framework\src\renderer.cpp(364,20): warning C4018: '<': no coinciden signed/unsigned
C:\Users\jlama\Desktop\Uni\3r Trimestre\Gràfics en temps real\GTR_Framework\src\renderer.cpp(624,87): warning C4305: 'argumento': truncamiento de 'double' a 'float'
C:\Users\jlama\Desktop\Uni\3r Trimestre\Gràfics en temps real\GTR_Framework\src\renderer.cpp(635,117): warning C4305: 'argumento': truncamiento de 'double' a 'float'
C:\Users\jlama\Desktop\Uni\3r Trimestre\Gràfics en temps real\GTR_Framework\src\renderer.cpp(654,20): warning C4018: '<': no coinciden signed/unsigned
C:\Users\jlama\Desktop\Uni\3r Trimestre\Gràfics en temps real\GTR_Framework\src\renderer.cpp(717,32): warning C4244: '=': conversión de 'double' a 'float'; posible pérdida de datos
C:\Users\jlama\Desktop\Uni\3r Trimestre\Gràfics en temps real\GTR_Framework\src\renderer.cpp(762,63): warning C4244: 'argumento': conversión de 'double' a 'float'; posible pérdida de datos
C:\Users\jlama\Desktop\Uni\3r Trimestre\Gràfics en temps real\GTR_Framework\src\renderer.cpp(762,43): warning C4244: 'argumento': conversión de 'double' a 'float'; posible pérdida de datos
C:\Users\jlama\Desktop\Uni\3r Trimestre\Gràfics en temps real\GTR_Framework\src\renderer.cpp(785,10): warning C4244: 'inicializando': conversión de 'long' a 'float'; posible pérdida de datos
